<?xml version="1.0" encoding="UTF-8"?>
<coverage generated="1762834676712" clover="3.2.0">
  <project timestamp="1762834676712" name="All files">
    <metrics statements="246" coveredstatements="209" conditionals="142" coveredconditionals="91" methods="44" coveredmethods="41" elements="432" coveredelements="341" complexity="0" loc="246" ncloc="246" packages="6" files="12" classes="12"/>
    <package name="src">
      <metrics statements="21" coveredstatements="15" conditionals="15" coveredconditionals="7" methods="2" coveredmethods="0"/>
      <file name="app.js" path="C:\Users\minha\Downloads\BTI\fragments-2\backend\src\app.js">
        <metrics statements="16" coveredstatements="10" conditionals="5" coveredconditionals="0" methods="2" coveredmethods="0"/>
        <line num="11" count="1" type="stmt"/>
        <line num="13" count="1" type="stmt"/>
        <line num="14" count="1" type="stmt"/>
        <line num="15" count="1" type="stmt"/>
        <line num="24" count="1" type="stmt"/>
        <line num="25" count="1" type="stmt"/>
        <line num="28" count="1" type="stmt"/>
        <line num="29" count="1" type="stmt"/>
        <line num="32" count="1" type="stmt"/>
        <line num="33" count="0" type="cond" truecount="0" falsecount="3"/>
        <line num="34" count="0" type="cond" truecount="0" falsecount="2"/>
        <line num="35" count="0" type="stmt"/>
        <line num="36" count="0" type="stmt"/>
        <line num="40" count="1" type="stmt"/>
        <line num="41" count="0" type="stmt"/>
        <line num="42" count="0" type="stmt"/>
      </file>
      <file name="config.js" path="C:\Users\minha\Downloads\BTI\fragments-2\backend\src\config.js">
        <metrics statements="4" coveredstatements="4" conditionals="6" coveredconditionals="4" methods="0" coveredmethods="0"/>
        <line num="2" count="1" type="stmt"/>
        <line num="4" count="1" type="cond" truecount="1" falsecount="1"/>
        <line num="5" count="1" type="cond" truecount="2" falsecount="0"/>
        <line num="6" count="1" type="cond" truecount="1" falsecount="1"/>
      </file>
      <file name="logger.js" path="C:\Users\minha\Downloads\BTI\fragments-2\backend\src\logger.js">
        <metrics statements="1" coveredstatements="1" conditionals="4" coveredconditionals="3" methods="0" coveredmethods="0"/>
        <line num="3" count="1" type="stmt"/>
      </file>
    </package>
    <package name="src.auth">
      <metrics statements="17" coveredstatements="15" conditionals="15" coveredconditionals="8" methods="6" coveredmethods="6"/>
      <file name="auth-middleware.js" path="C:\Users\minha\Downloads\BTI\fragments-2\backend\src\auth\auth-middleware.js">
        <metrics statements="13" coveredstatements="11" conditionals="11" coveredconditionals="5" methods="4" coveredmethods="4"/>
        <line num="5" count="22" type="stmt"/>
        <line num="17" count="2" type="stmt"/>
        <line num="18" count="23" type="stmt"/>
        <line num="22" count="23" type="cond" truecount="1" falsecount="1"/>
        <line num="24" count="23" type="cond" truecount="2" falsecount="0"/>
        <line num="25" count="1" type="cond" truecount="1" falsecount="1"/>
        <line num="26" count="1" type="stmt"/>
        <line num="27" count="0" type="cond" truecount="0" falsecount="2"/>
        <line num="28" count="0" type="stmt"/>
        <line num="30" count="1" type="stmt"/>
        <line num="36" count="22" type="cond" truecount="1" falsecount="2"/>
        <line num="37" count="22" type="stmt"/>
        <line num="38" count="22" type="stmt"/>
      </file>
      <file name="basic-auth.js" path="C:\Users\minha\Downloads\BTI\fragments-2\backend\src\auth\basic-auth.js">
        <metrics statements="4" coveredstatements="4" conditionals="4" coveredconditionals="3" methods="2" coveredmethods="2"/>
        <line num="5" count="1" type="stmt"/>
        <line num="7" count="22" type="cond" truecount="3" falsecount="1"/>
        <line num="8" count="22" type="stmt"/>
        <line num="12" count="2" type="stmt"/>
      </file>
    </package>
    <package name="src.model">
      <metrics statements="40" coveredstatements="40" conditionals="34" coveredconditionals="26" methods="13" coveredmethods="13"/>
      <file name="fragment.js" path="C:\Users\minha\Downloads\BTI\fragments-2\backend\src\model\fragment.js">
        <metrics statements="31" coveredstatements="31" conditionals="24" coveredconditionals="21" methods="11" coveredmethods="11"/>
        <line num="19" count="28" type="cond" truecount="2" falsecount="0"/>
        <line num="20" count="27" type="cond" truecount="2" falsecount="0"/>
        <line num="21" count="26" type="cond" truecount="2" falsecount="0"/>
        <line num="23" count="25" type="cond" truecount="2" falsecount="0"/>
        <line num="24" count="25" type="stmt"/>
        <line num="25" count="25" type="stmt"/>
        <line num="26" count="25" type="stmt"/>
        <line num="27" count="25" type="stmt"/>
        <line num="28" count="25" type="cond" truecount="2" falsecount="0"/>
        <line num="29" count="25" type="cond" truecount="2" falsecount="0"/>
        <line num="31" count="25" type="cond" truecount="2" falsecount="0"/>
        <line num="32" count="10" type="stmt"/>
        <line num="38" count="12" type="cond" truecount="2" falsecount="0"/>
        <line num="39" count="9" type="stmt"/>
        <line num="41" count="12" type="stmt"/>
        <line num="42" count="12" type="stmt"/>
        <line num="43" count="12" type="stmt"/>
        <line num="48" count="11" type="stmt"/>
        <line num="49" count="11" type="cond" truecount="1" falsecount="1"/>
        <line num="50" count="11" type="stmt"/>
        <line num="56" count="3" type="stmt"/>
        <line num="57" count="3" type="cond" truecount="1" falsecount="1"/>
        <line num="62" count="1" type="stmt"/>
        <line num="67" count="17" type="stmt"/>
        <line num="81" count="7" type="stmt"/>
        <line num="86" count="11" type="stmt"/>
        <line num="87" count="11" type="cond" truecount="2" falsecount="0"/>
        <line num="88" count="9" type="stmt"/>
        <line num="93" count="2" type="stmt"/>
        <line num="98" count="2" type="stmt"/>
        <line num="99" count="6" type="stmt"/>
      </file>
      <file name="types.js" path="C:\Users\minha\Downloads\BTI\fragments-2\backend\src\model\types.js">
        <metrics statements="9" coveredstatements="9" conditionals="10" coveredconditionals="5" methods="2" coveredmethods="2"/>
        <line num="3" count="58" type="stmt"/>
        <line num="4" count="58" type="stmt"/>
        <line num="7" count="58" type="cond" truecount="1" falsecount="1"/>
        <line num="9" count="58" type="stmt"/>
        <line num="16" count="33" type="stmt"/>
        <line num="17" count="33" type="cond" truecount="1" falsecount="1"/>
        <line num="20" count="33" type="cond" truecount="2" falsecount="0"/>
        <line num="23" count="2" type="cond" truecount="1" falsecount="1"/>
        <line num="25" count="2" type="stmt"/>
      </file>
    </package>
    <package name="src.model.data.memory">
      <metrics statements="33" coveredstatements="32" conditionals="18" coveredconditionals="13" methods="9" coveredmethods="9"/>
      <file name="memory-db.js" path="C:\Users\minha\Downloads\BTI\fragments-2\backend\src\model\data\memory\memory-db.js">
        <metrics statements="33" coveredstatements="32" conditionals="18" coveredconditionals="13" methods="9" coveredmethods="9"/>
        <line num="4" count="5" type="stmt"/>
        <line num="5" count="5" type="stmt"/>
        <line num="7" count="57" type="stmt"/>
        <line num="16" count="17" type="cond" truecount="3" falsecount="1"/>
        <line num="17" count="0" type="stmt"/>
        <line num="18" count="17" type="stmt"/>
        <line num="19" count="17" type="stmt"/>
        <line num="20" count="17" type="stmt"/>
        <line num="30" count="16" type="stmt"/>
        <line num="31" count="16" type="cond" truecount="2" falsecount="0"/>
        <line num="42" count="14" type="stmt"/>
        <line num="43" count="14" type="cond" truecount="3" falsecount="1"/>
        <line num="44" count="14" type="stmt"/>
        <line num="45" count="14" type="stmt"/>
        <line num="55" count="7" type="stmt"/>
        <line num="56" count="7" type="cond" truecount="2" falsecount="0"/>
        <line num="65" count="4" type="stmt"/>
        <line num="66" count="4" type="stmt"/>
        <line num="67" count="4" type="stmt"/>
        <line num="68" count="9" type="cond" truecount="1" falsecount="1"/>
        <line num="69" count="9" type="stmt"/>
        <line num="72" count="4" type="stmt"/>
        <line num="81" count="4" type="stmt"/>
        <line num="82" count="4" type="stmt"/>
        <line num="83" count="4" type="stmt"/>
        <line num="84" count="9" type="cond" truecount="1" falsecount="1"/>
        <line num="86" count="4" type="stmt"/>
        <line num="96" count="3" type="stmt"/>
        <line num="97" count="3" type="stmt"/>
        <line num="98" count="3" type="stmt"/>
        <line num="99" count="3" type="cond" truecount="1" falsecount="1"/>
        <line num="104" count="4" type="stmt"/>
        <line num="105" count="4" type="stmt"/>
      </file>
    </package>
    <package name="src.routes">
      <metrics statements="114" coveredstatements="86" conditionals="46" coveredconditionals="26" methods="13" coveredmethods="12"/>
      <file name="convert.js" path="C:\Users\minha\Downloads\BTI\fragments-2\backend\src\routes\convert.js">
        <metrics statements="11" coveredstatements="3" conditionals="2" coveredconditionals="0" methods="1" coveredmethods="0"/>
        <line num="5" count="1" type="stmt"/>
        <line num="6" count="1" type="stmt"/>
        <line num="8" count="1" type="stmt"/>
        <line num="9" count="0" type="stmt"/>
        <line num="10" count="0" type="stmt"/>
        <line num="11" count="0" type="stmt"/>
        <line num="12" count="0" type="stmt"/>
        <line num="13" count="0" type="stmt"/>
        <line num="14" count="0" type="stmt"/>
        <line num="16" count="0" type="cond" truecount="0" falsecount="2"/>
        <line num="17" count="0" type="stmt"/>
      </file>
      <file name="fragments.js" path="C:\Users\minha\Downloads\BTI\fragments-2\backend\src\routes\fragments.js">
        <metrics statements="85" coveredstatements="65" conditionals="26" coveredconditionals="19" methods="9" coveredmethods="9"/>
        <line num="9" count="1" type="stmt"/>
        <line num="11" count="1" type="stmt"/>
        <line num="12" count="2" type="stmt"/>
        <line num="16" count="5" type="stmt"/>
        <line num="17" count="5" type="stmt"/>
        <line num="18" count="5" type="stmt"/>
        <line num="20" count="0" type="stmt"/>
        <line num="25" count="1" type="stmt"/>
        <line num="33" count="1" type="stmt"/>
        <line num="34" count="3" type="stmt"/>
        <line num="35" count="3" type="cond" truecount="2" falsecount="0"/>
        <line num="36" count="1" type="stmt"/>
        <line num="37" count="1" type="stmt"/>
        <line num="46" count="2" type="stmt"/>
        <line num="47" count="2" type="cond" truecount="1" falsecount="1"/>
        <line num="48" count="0" type="stmt"/>
        <line num="49" count="0" type="stmt"/>
        <line num="55" count="2" type="stmt"/>
        <line num="60" count="2" type="stmt"/>
        <line num="62" count="2" type="cond" truecount="1" falsecount="1"/>
        <line num="63" count="2" type="stmt"/>
        <line num="65" count="2" type="stmt"/>
        <line num="66" count="2" type="stmt"/>
        <line num="70" count="2" type="stmt"/>
        <line num="72" count="0" type="stmt"/>
        <line num="73" count="0" type="stmt"/>
        <line num="85" count="1" type="stmt"/>
        <line num="86" count="2" type="stmt"/>
        <line num="87" count="2" type="cond" truecount="2" falsecount="0"/>
        <line num="88" count="2" type="cond" truecount="4" falsecount="0"/>
        <line num="89" count="1" type="stmt"/>
        <line num="90" count="1" type="stmt"/>
        <line num="92" count="2" type="stmt"/>
        <line num="94" count="1" type="stmt"/>
        <line num="95" count="1" type="stmt"/>
        <line num="97" count="0" type="stmt"/>
        <line num="98" count="0" type="stmt"/>
        <line num="109" count="1" type="stmt"/>
        <line num="110" count="2" type="stmt"/>
        <line num="111" count="2" type="stmt"/>
        <line num="112" count="2" type="cond" truecount="2" falsecount="0"/>
        <line num="113" count="1" type="stmt"/>
        <line num="118" count="1" type="stmt"/>
        <line num="119" count="1" type="cond" truecount="1" falsecount="1"/>
        <line num="120" count="0" type="stmt"/>
        <line num="125" count="1" type="stmt"/>
        <line num="126" count="1" type="stmt"/>
        <line num="128" count="0" type="stmt"/>
        <line num="129" count="0" type="stmt"/>
        <line num="140" count="1" type="stmt"/>
        <line num="141" count="1" type="stmt"/>
        <line num="142" count="1" type="stmt"/>
        <line num="143" count="1" type="cond" truecount="1" falsecount="1"/>
        <line num="144" count="0" type="stmt"/>
        <line num="149" count="1" type="stmt"/>
        <line num="151" count="0" type="stmt"/>
        <line num="152" count="0" type="stmt"/>
        <line num="163" count="1" type="stmt"/>
        <line num="164" count="2" type="stmt"/>
        <line num="165" count="2" type="stmt"/>
        <line num="166" count="2" type="cond" truecount="1" falsecount="1"/>
        <line num="167" count="0" type="stmt"/>
        <line num="172" count="2" type="cond" truecount="1" falsecount="1"/>
        <line num="173" count="0" type="stmt"/>
        <line num="179" count="2" type="stmt"/>
        <line num="180" count="2" type="stmt"/>
        <line num="181" count="2" type="stmt"/>
        <line num="182" count="2" type="cond" truecount="2" falsecount="0"/>
        <line num="183" count="1" type="stmt"/>
        <line num="192" count="1" type="stmt"/>
        <line num="193" count="1" type="stmt"/>
        <line num="194" count="1" type="stmt"/>
        <line num="195" count="1" type="stmt"/>
        <line num="197" count="0" type="stmt"/>
        <line num="198" count="0" type="stmt"/>
        <line num="208" count="1" type="stmt"/>
        <line num="209" count="1" type="stmt"/>
        <line num="210" count="1" type="stmt"/>
        <line num="211" count="1" type="cond" truecount="1" falsecount="1"/>
        <line num="212" count="0" type="stmt"/>
        <line num="217" count="1" type="stmt"/>
        <line num="218" count="1" type="stmt"/>
        <line num="219" count="1" type="stmt"/>
        <line num="221" count="0" type="stmt"/>
        <line num="222" count="0" type="stmt"/>
      </file>
      <file name="health.js" path="C:\Users\minha\Downloads\BTI\fragments-2\backend\src\routes\health.js">
        <metrics statements="18" coveredstatements="18" conditionals="18" coveredconditionals="7" methods="3" coveredmethods="3"/>
        <line num="3" count="1" type="stmt"/>
        <line num="4" count="1" type="stmt"/>
        <line num="6" count="1" type="stmt"/>
        <line num="9" count="1" type="stmt"/>
        <line num="10" count="1" type="stmt"/>
        <line num="13" count="1" type="cond" truecount="1" falsecount="3"/>
        <line num="15" count="1" type="stmt"/>
        <line num="16" count="1" type="cond" truecount="1" falsecount="1"/>
        <line num="17" count="1" type="cond" truecount="1" falsecount="1"/>
        <line num="19" count="1" type="cond" truecount="1" falsecount="2"/>
        <line num="24" count="1" type="stmt"/>
        <line num="33" count="1" type="stmt"/>
        <line num="37" count="1" type="stmt"/>
        <line num="38" count="1" type="stmt"/>
        <line num="39" count="1" type="stmt"/>
        <line num="42" count="1" type="stmt"/>
        <line num="43" count="1" type="stmt"/>
        <line num="44" count="1" type="stmt"/>
      </file>
    </package>
    <package name="src.services">
      <metrics statements="21" coveredstatements="21" conditionals="14" coveredconditionals="11" methods="1" coveredmethods="1"/>
      <file name="convert.js" path="C:\Users\minha\Downloads\BTI\fragments-2\backend\src\services\convert.js">
        <metrics statements="21" coveredstatements="21" conditionals="14" coveredconditionals="11" methods="1" coveredmethods="1"/>
        <line num="4" count="2" type="stmt"/>
        <line num="16" count="4" type="stmt"/>
        <line num="17" count="4" type="cond" truecount="2" falsecount="0"/>
        <line num="18" count="1" type="stmt"/>
        <line num="19" count="1" type="stmt"/>
        <line num="20" count="1" type="stmt"/>
        <line num="23" count="3" type="cond" truecount="1" falsecount="1"/>
        <line num="24" count="3" type="cond" truecount="1" falsecount="1"/>
        <line num="27" count="3" type="cond" truecount="2" falsecount="0"/>
        <line num="28" count="3" type="cond" truecount="2" falsecount="0"/>
        <line num="29" count="1" type="stmt"/>
        <line num="32" count="1" type="stmt"/>
        <line num="33" count="1" type="stmt"/>
        <line num="36" count="2" type="cond" truecount="2" falsecount="0"/>
        <line num="37" count="1" type="stmt"/>
        <line num="38" count="1" type="stmt"/>
        <line num="39" count="1" type="stmt"/>
        <line num="42" count="1" type="stmt"/>
        <line num="43" count="1" type="cond" truecount="1" falsecount="1"/>
        <line num="44" count="1" type="stmt"/>
        <line num="46" count="1" type="stmt"/>
      </file>
    </package>
  </project>
</coverage>
