{"C:\\Users\\minha\\Downloads\\BTI\\fragments-2\\backend\\src\\app.js": {"path":"C:\\Users\\minha\\Downloads\\BTI\\fragments-2\\backend\\src\\app.js","statementMap":{"0":{"start":{"line":11,"column":12},"end":{"line":11,"column":21}},"1":{"start":{"line":13,"column":0},"end":{"line":13,"column":30}},"2":{"start":{"line":14,"column":0},"end":{"line":14,"column":18}},"3":{"start":{"line":15,"column":0},"end":{"line":15,"column":16}},"4":{"start":{"line":24,"column":0},"end":{"line":24,"column":27}},"5":{"start":{"line":25,"column":0},"end":{"line":25,"column":29}},"6":{"start":{"line":28,"column":0},"end":{"line":28,"column":40}},"7":{"start":{"line":29,"column":0},"end":{"line":29,"column":42}},"8":{"start":{"line":32,"column":0},"end":{"line":37,"column":3}},"9":{"start":{"line":33,"column":15},"end":{"line":33,"column":50}},"10":{"start":{"line":34,"column":18},"end":{"line":34,"column":56}},"11":{"start":{"line":35,"column":2},"end":{"line":35,"column":51}},"12":{"start":{"line":36,"column":2},"end":{"line":36,"column":71}},"13":{"start":{"line":40,"column":0},"end":{"line":45,"column":3}},"14":{"start":{"line":41,"column":2},"end":{"line":41,"column":56}},"15":{"start":{"line":42,"column":2},"end":{"line":44,"column":75}}},"fnMap":{"0":{"name":"(anonymous_0)","decl":{"start":{"line":32,"column":8},"end":{"line":32,"column":9}},"loc":{"start":{"line":32,"column":34},"end":{"line":37,"column":1}},"line":32},"1":{"name":"(anonymous_1)","decl":{"start":{"line":40,"column":8},"end":{"line":40,"column":9}},"loc":{"start":{"line":40,"column":22},"end":{"line":45,"column":1}},"line":40}},"branchMap":{"0":{"loc":{"start":{"line":33,"column":15},"end":{"line":33,"column":50}},"type":"binary-expr","locations":[{"start":{"line":33,"column":15},"end":{"line":33,"column":29}},{"start":{"line":33,"column":33},"end":{"line":33,"column":43}},{"start":{"line":33,"column":47},"end":{"line":33,"column":50}}],"line":33},"1":{"loc":{"start":{"line":34,"column":18},"end":{"line":34,"column":56}},"type":"binary-expr","locations":[{"start":{"line":34,"column":18},"end":{"line":34,"column":29}},{"start":{"line":34,"column":33},"end":{"line":34,"column":56}}],"line":34}},"s":{"0":1,"1":1,"2":1,"3":1,"4":1,"5":1,"6":1,"7":1,"8":1,"9":0,"10":0,"11":0,"12":0,"13":1,"14":0,"15":0},"f":{"0":0,"1":0},"b":{"0":[0,0,0],"1":[0,0]},"inputSourceMap":null,"_coverageSchema":"1a1c01bbd47fc00a2c39e90264f33305004495a9","hash":"b53c1b251b6e519b41d4022632f1afac02fc9983"}
,"C:\\Users\\minha\\Downloads\\BTI\\fragments-2\\backend\\src\\config.js": {"path":"C:\\Users\\minha\\Downloads\\BTI\\fragments-2\\backend\\src\\config.js","statementMap":{"0":{"start":{"line":2,"column":0},"end":{"line":2,"column":16}},"1":{"start":{"line":4,"column":20},"end":{"line":4,"column":44}},"2":{"start":{"line":5,"column":23},"end":{"line":5,"column":72}},"3":{"start":{"line":6,"column":31},"end":{"line":6,"column":70}}},"fnMap":{},"branchMap":{"0":{"loc":{"start":{"line":4,"column":20},"end":{"line":4,"column":44}},"type":"binary-expr","locations":[{"start":{"line":4,"column":20},"end":{"line":4,"column":36}},{"start":{"line":4,"column":40},"end":{"line":4,"column":44}}],"line":4},"1":{"loc":{"start":{"line":5,"column":23},"end":{"line":5,"column":72}},"type":"binary-expr","locations":[{"start":{"line":5,"column":23},"end":{"line":5,"column":42}},{"start":{"line":5,"column":46},"end":{"line":5,"column":72}}],"line":5},"2":{"loc":{"start":{"line":6,"column":31},"end":{"line":6,"column":70}},"type":"binary-expr","locations":[{"start":{"line":6,"column":31},"end":{"line":6,"column":58}},{"start":{"line":6,"column":62},"end":{"line":6,"column":70}}],"line":6}},"s":{"0":1,"1":1,"2":1,"3":1},"f":{},"b":{"0":[1,0],"1":[1,1],"2":[1,0]},"inputSourceMap":null,"_coverageSchema":"1a1c01bbd47fc00a2c39e90264f33305004495a9","hash":"c5b79fccf2b5726841d736a7962e5c77cc17fb21"}
,"C:\\Users\\minha\\Downloads\\BTI\\fragments-2\\backend\\src\\logger.js": {"path":"C:\\Users\\minha\\Downloads\\BTI\\fragments-2\\backend\\src\\logger.js","statementMap":{"0":{"start":{"line":3,"column":15},"end":{"line":12,"column":2}}},"fnMap":{},"branchMap":{"0":{"loc":{"start":{"line":4,"column":9},"end":{"line":4,"column":40}},"type":"binary-expr","locations":[{"start":{"line":4,"column":9},"end":{"line":4,"column":30}},{"start":{"line":4,"column":34},"end":{"line":4,"column":40}}],"line":4},"1":{"loc":{"start":{"line":6,"column":4},"end":{"line":11,"column":17}},"type":"cond-expr","locations":[{"start":{"line":7,"column":8},"end":{"line":10,"column":9}},{"start":{"line":11,"column":8},"end":{"line":11,"column":17}}],"line":6}},"s":{"0":1},"f":{},"b":{"0":[1,1],"1":[1,0]},"inputSourceMap":null,"_coverageSchema":"1a1c01bbd47fc00a2c39e90264f33305004495a9","hash":"3b90614336e6a7eaa80e00e9552154ab294561b0"}
,"C:\\Users\\minha\\Downloads\\BTI\\fragments-2\\backend\\src\\auth\\auth-middleware.js": {"path":"C:\\Users\\minha\\Downloads\\BTI\\fragments-2\\backend\\src\\auth\\auth-middleware.js","statementMap":{"0":{"start":{"line":5,"column":2},"end":{"line":8,"column":19}},"1":{"start":{"line":17,"column":2},"end":{"line":41,"column":4}},"2":{"start":{"line":18,"column":4},"end":{"line":40,"column":22}},"3":{"start":{"line":22,"column":8},"end":{"line":22,"column":34}},"4":{"start":{"line":22,"column":17},"end":{"line":22,"column":34}},"5":{"start":{"line":24,"column":8},"end":{"line":34,"column":9}},"6":{"start":{"line":25,"column":10},"end":{"line":29,"column":11}},"7":{"start":{"line":26,"column":12},"end":{"line":26,"column":67}},"8":{"start":{"line":27,"column":17},"end":{"line":29,"column":11}},"9":{"start":{"line":28,"column":12},"end":{"line":28,"column":50}},"10":{"start":{"line":30,"column":10},"end":{"line":33,"column":13}},"11":{"start":{"line":36,"column":22},"end":{"line":36,"column":66}},"12":{"start":{"line":37,"column":8},"end":{"line":37,"column":46}},"13":{"start":{"line":38,"column":8},"end":{"line":38,"column":22}}},"fnMap":{"0":{"name":"sha256","decl":{"start":{"line":4,"column":9},"end":{"line":4,"column":15}},"loc":{"start":{"line":4,"column":23},"end":{"line":9,"column":1}},"line":4},"1":{"name":"authorize","decl":{"start":{"line":16,"column":24},"end":{"line":16,"column":33}},"loc":{"start":{"line":16,"column":48},"end":{"line":42,"column":1}},"line":16},"2":{"name":"(anonymous_2)","decl":{"start":{"line":17,"column":9},"end":{"line":17,"column":10}},"loc":{"start":{"line":17,"column":29},"end":{"line":41,"column":3}},"line":17},"3":{"name":"(anonymous_3)","decl":{"start":{"line":21,"column":6},"end":{"line":21,"column":7}},"loc":{"start":{"line":21,"column":28},"end":{"line":39,"column":7}},"line":21}},"branchMap":{"0":{"loc":{"start":{"line":22,"column":8},"end":{"line":22,"column":34}},"type":"if","locations":[{"start":{"line":22,"column":8},"end":{"line":22,"column":34}},{"start":{},"end":{}}],"line":22},"1":{"loc":{"start":{"line":24,"column":8},"end":{"line":34,"column":9}},"type":"if","locations":[{"start":{"line":24,"column":8},"end":{"line":34,"column":9}},{"start":{},"end":{}}],"line":24},"2":{"loc":{"start":{"line":25,"column":10},"end":{"line":29,"column":11}},"type":"if","locations":[{"start":{"line":25,"column":10},"end":{"line":29,"column":11}},{"start":{"line":27,"column":17},"end":{"line":29,"column":11}}],"line":25},"3":{"loc":{"start":{"line":27,"column":17},"end":{"line":29,"column":11}},"type":"if","locations":[{"start":{"line":27,"column":17},"end":{"line":29,"column":11}},{"start":{},"end":{}}],"line":27},"4":{"loc":{"start":{"line":36,"column":23},"end":{"line":36,"column":51}},"type":"binary-expr","locations":[{"start":{"line":36,"column":23},"end":{"line":36,"column":33}},{"start":{"line":36,"column":37},"end":{"line":36,"column":45}},{"start":{"line":36,"column":49},"end":{"line":36,"column":51}}],"line":36}},"s":{"0":22,"1":2,"2":23,"3":23,"4":0,"5":23,"6":1,"7":1,"8":0,"9":0,"10":1,"11":22,"12":22,"13":22},"f":{"0":22,"1":2,"2":23,"3":23},"b":{"0":[0,23],"1":[1,22],"2":[1,0],"3":[0,0],"4":[22,0,0]},"inputSourceMap":null,"_coverageSchema":"1a1c01bbd47fc00a2c39e90264f33305004495a9","hash":"375cf4813e25a2ddc288bac5958650338968685a"}
,"C:\\Users\\minha\\Downloads\\BTI\\fragments-2\\backend\\src\\auth\\basic-auth.js": {"path":"C:\\Users\\minha\\Downloads\\BTI\\fragments-2\\backend\\src\\auth\\basic-auth.js","statementMap":{"0":{"start":{"line":5,"column":0},"end":{"line":10,"column":2}},"1":{"start":{"line":7,"column":4},"end":{"line":7,"column":54}},"2":{"start":{"line":7,"column":29},"end":{"line":7,"column":54}},"3":{"start":{"line":8,"column":4},"end":{"line":8,"column":33}},"4":{"start":{"line":12,"column":28},"end":{"line":12,"column":52}},"5":{"start":{"line":12,"column":34},"end":{"line":12,"column":52}}},"fnMap":{"0":{"name":"(anonymous_0)","decl":{"start":{"line":6,"column":20},"end":{"line":6,"column":21}},"loc":{"start":{"line":6,"column":47},"end":{"line":9,"column":3}},"line":6},"1":{"name":"(anonymous_1)","decl":{"start":{"line":12,"column":28},"end":{"line":12,"column":29}},"loc":{"start":{"line":12,"column":34},"end":{"line":12,"column":52}},"line":12}},"branchMap":{"0":{"loc":{"start":{"line":7,"column":4},"end":{"line":7,"column":54}},"type":"if","locations":[{"start":{"line":7,"column":4},"end":{"line":7,"column":54}},{"start":{},"end":{}}],"line":7},"1":{"loc":{"start":{"line":7,"column":8},"end":{"line":7,"column":27}},"type":"binary-expr","locations":[{"start":{"line":7,"column":8},"end":{"line":7,"column":14}},{"start":{"line":7,"column":18},"end":{"line":7,"column":27}}],"line":7}},"s":{"0":1,"1":22,"2":0,"3":22,"4":1,"5":2},"f":{"0":22,"1":2},"b":{"0":[0,22],"1":[22,22]},"inputSourceMap":null,"_coverageSchema":"1a1c01bbd47fc00a2c39e90264f33305004495a9","hash":"3b83d2de1813dd4404f7169f0b8378f4a6d895d3"}
,"C:\\Users\\minha\\Downloads\\BTI\\fragments-2\\backend\\src\\model\\fragment.js": {"path":"C:\\Users\\minha\\Downloads\\BTI\\fragments-2\\backend\\src\\model\\fragment.js","statementMap":{"0":{"start":{"line":19,"column":4},"end":{"line":19,"column":57}},"1":{"start":{"line":19,"column":18},"end":{"line":19,"column":57}},"2":{"start":{"line":20,"column":4},"end":{"line":20,"column":51}},"3":{"start":{"line":20,"column":15},"end":{"line":20,"column":51}},"4":{"start":{"line":21,"column":4},"end":{"line":21,"column":77}},"5":{"start":{"line":21,"column":32},"end":{"line":21,"column":77}},"6":{"start":{"line":23,"column":4},"end":{"line":23,"column":40}},"7":{"start":{"line":24,"column":4},"end":{"line":24,"column":27}},"8":{"start":{"line":25,"column":4},"end":{"line":25,"column":34}},"9":{"start":{"line":26,"column":4},"end":{"line":26,"column":21}},"10":{"start":{"line":27,"column":16},"end":{"line":27,"column":40}},"11":{"start":{"line":28,"column":4},"end":{"line":28,"column":34}},"12":{"start":{"line":29,"column":4},"end":{"line":29,"column":34}},"13":{"start":{"line":31,"column":4},"end":{"line":33,"column":5}},"14":{"start":{"line":32,"column":6},"end":{"line":32,"column":25}},"15":{"start":{"line":38,"column":4},"end":{"line":40,"column":5}},"16":{"start":{"line":39,"column":6},"end":{"line":39,"column":39}},"17":{"start":{"line":41,"column":4},"end":{"line":41,"column":22}},"18":{"start":{"line":42,"column":4},"end":{"line":42,"column":28}},"19":{"start":{"line":43,"column":4},"end":{"line":43,"column":44}},"20":{"start":{"line":48,"column":4},"end":{"line":48,"column":53}},"21":{"start":{"line":49,"column":4},"end":{"line":51,"column":5}},"22":{"start":{"line":50,"column":6},"end":{"line":50,"column":65}},"23":{"start":{"line":56,"column":17},"end":{"line":56,"column":62}},"24":{"start":{"line":57,"column":4},"end":{"line":57,"column":24}},"25":{"start":{"line":62,"column":4},"end":{"line":62,"column":49}},"26":{"start":{"line":67,"column":4},"end":{"line":74,"column":6}},"27":{"start":{"line":81,"column":4},"end":{"line":81,"column":33}},"28":{"start":{"line":86,"column":17},"end":{"line":86,"column":48}},"29":{"start":{"line":87,"column":4},"end":{"line":87,"column":27}},"30":{"start":{"line":87,"column":15},"end":{"line":87,"column":27}},"31":{"start":{"line":88,"column":4},"end":{"line":88,"column":30}},"32":{"start":{"line":93,"column":4},"end":{"line":93,"column":36}},"33":{"start":{"line":98,"column":18},"end":{"line":98,"column":46}},"34":{"start":{"line":99,"column":4},"end":{"line":99,"column":45}},"35":{"start":{"line":99,"column":28},"end":{"line":99,"column":43}}},"fnMap":{"0":{"name":"(anonymous_0)","decl":{"start":{"line":18,"column":2},"end":{"line":18,"column":3}},"loc":{"start":{"line":18,"column":76},"end":{"line":34,"column":3}},"line":18},"1":{"name":"(anonymous_1)","decl":{"start":{"line":37,"column":2},"end":{"line":37,"column":3}},"loc":{"start":{"line":37,"column":16},"end":{"line":44,"column":3}},"line":37},"2":{"name":"(anonymous_2)","decl":{"start":{"line":47,"column":2},"end":{"line":47,"column":3}},"loc":{"start":{"line":47,"column":15},"end":{"line":52,"column":3}},"line":47},"3":{"name":"(anonymous_3)","decl":{"start":{"line":55,"column":2},"end":{"line":55,"column":3}},"loc":{"start":{"line":55,"column":18},"end":{"line":58,"column":3}},"line":55},"4":{"name":"(anonymous_4)","decl":{"start":{"line":61,"column":2},"end":{"line":61,"column":3}},"loc":{"start":{"line":61,"column":17},"end":{"line":63,"column":3}},"line":61},"5":{"name":"(anonymous_5)","decl":{"start":{"line":66,"column":2},"end":{"line":66,"column":3}},"loc":{"start":{"line":66,"column":11},"end":{"line":75,"column":3}},"line":66},"6":{"name":"(anonymous_6)","decl":{"start":{"line":80,"column":2},"end":{"line":80,"column":3}},"loc":{"start":{"line":80,"column":31},"end":{"line":82,"column":3}},"line":80},"7":{"name":"(anonymous_7)","decl":{"start":{"line":85,"column":2},"end":{"line":85,"column":3}},"loc":{"start":{"line":85,"column":33},"end":{"line":89,"column":3}},"line":85},"8":{"name":"(anonymous_8)","decl":{"start":{"line":92,"column":2},"end":{"line":92,"column":3}},"loc":{"start":{"line":92,"column":32},"end":{"line":94,"column":3}},"line":92},"9":{"name":"(anonymous_9)","decl":{"start":{"line":97,"column":2},"end":{"line":97,"column":3}},"loc":{"start":{"line":97,"column":29},"end":{"line":100,"column":3}},"line":97},"10":{"name":"(anonymous_10)","decl":{"start":{"line":99,"column":21},"end":{"line":99,"column":22}},"loc":{"start":{"line":99,"column":28},"end":{"line":99,"column":43}},"line":99}},"branchMap":{"0":{"loc":{"start":{"line":18,"column":14},"end":{"line":18,"column":74}},"type":"default-arg","locations":[{"start":{"line":18,"column":72},"end":{"line":18,"column":74}}],"line":18},"1":{"loc":{"start":{"line":18,"column":35},"end":{"line":18,"column":43}},"type":"default-arg","locations":[{"start":{"line":18,"column":42},"end":{"line":18,"column":43}}],"line":18},"2":{"loc":{"start":{"line":19,"column":4},"end":{"line":19,"column":57}},"type":"if","locations":[{"start":{"line":19,"column":4},"end":{"line":19,"column":57}},{"start":{},"end":{}}],"line":19},"3":{"loc":{"start":{"line":20,"column":4},"end":{"line":20,"column":51}},"type":"if","locations":[{"start":{"line":20,"column":4},"end":{"line":20,"column":51}},{"start":{},"end":{}}],"line":20},"4":{"loc":{"start":{"line":21,"column":4},"end":{"line":21,"column":77}},"type":"if","locations":[{"start":{"line":21,"column":4},"end":{"line":21,"column":77}},{"start":{},"end":{}}],"line":21},"5":{"loc":{"start":{"line":23,"column":14},"end":{"line":23,"column":39}},"type":"binary-expr","locations":[{"start":{"line":23,"column":14},"end":{"line":23,"column":16}},{"start":{"line":23,"column":20},"end":{"line":23,"column":39}}],"line":23},"6":{"loc":{"start":{"line":28,"column":19},"end":{"line":28,"column":33}},"type":"binary-expr","locations":[{"start":{"line":28,"column":19},"end":{"line":28,"column":26}},{"start":{"line":28,"column":30},"end":{"line":28,"column":33}}],"line":28},"7":{"loc":{"start":{"line":29,"column":19},"end":{"line":29,"column":33}},"type":"binary-expr","locations":[{"start":{"line":29,"column":19},"end":{"line":29,"column":26}},{"start":{"line":29,"column":30},"end":{"line":29,"column":33}}],"line":29},"8":{"loc":{"start":{"line":31,"column":4},"end":{"line":33,"column":5}},"type":"if","locations":[{"start":{"line":31,"column":4},"end":{"line":33,"column":5}},{"start":{},"end":{}}],"line":31},"9":{"loc":{"start":{"line":38,"column":4},"end":{"line":40,"column":5}},"type":"if","locations":[{"start":{"line":38,"column":4},"end":{"line":40,"column":5}},{"start":{},"end":{}}],"line":38},"10":{"loc":{"start":{"line":49,"column":4},"end":{"line":51,"column":5}},"type":"if","locations":[{"start":{"line":49,"column":4},"end":{"line":51,"column":5}},{"start":{},"end":{}}],"line":49},"11":{"loc":{"start":{"line":57,"column":11},"end":{"line":57,"column":23}},"type":"binary-expr","locations":[{"start":{"line":57,"column":11},"end":{"line":57,"column":15}},{"start":{"line":57,"column":19},"end":{"line":57,"column":23}}],"line":57},"12":{"loc":{"start":{"line":87,"column":4},"end":{"line":87,"column":27}},"type":"if","locations":[{"start":{"line":87,"column":4},"end":{"line":87,"column":27}},{"start":{},"end":{}}],"line":87}},"s":{"0":28,"1":1,"2":27,"3":1,"4":26,"5":1,"6":25,"7":25,"8":25,"9":25,"10":25,"11":25,"12":25,"13":25,"14":10,"15":12,"16":9,"17":12,"18":12,"19":12,"20":11,"21":11,"22":11,"23":3,"24":3,"25":1,"26":17,"27":7,"28":11,"29":11,"30":2,"31":9,"32":2,"33":2,"34":2,"35":6},"f":{"0":28,"1":12,"2":11,"3":3,"4":1,"5":17,"6":7,"7":11,"8":2,"9":2,"10":6},"b":{"0":[0],"1":[13],"2":[1,27],"3":[1,26],"4":[1,25],"5":[25,10],"6":[25,10],"7":[25,10],"8":[10,15],"9":[9,3],"10":[11,0],"11":[3,0],"12":[2,9]},"inputSourceMap":null,"_coverageSchema":"1a1c01bbd47fc00a2c39e90264f33305004495a9","hash":"657e5a1777bcb161ba78e542b88fda97d5b0a1d3"}
,"C:\\Users\\minha\\Downloads\\BTI\\fragments-2\\backend\\src\\model\\types.js": {"path":"C:\\Users\\minha\\Downloads\\BTI\\fragments-2\\backend\\src\\model\\types.js","statementMap":{"0":{"start":{"line":3,"column":17},"end":{"line":3,"column":47}},"1":{"start":{"line":4,"column":15},"end":{"line":4,"column":40}},"2":{"start":{"line":7,"column":2},"end":{"line":7,"column":57}},"3":{"start":{"line":7,"column":34},"end":{"line":7,"column":57}},"4":{"start":{"line":9,"column":2},"end":{"line":9,"column":14}},"5":{"start":{"line":16,"column":15},"end":{"line":16,"column":39}},"6":{"start":{"line":17,"column":2},"end":{"line":17,"column":26}},"7":{"start":{"line":17,"column":13},"end":{"line":17,"column":26}},"8":{"start":{"line":20,"column":2},"end":{"line":20,"column":44}},"9":{"start":{"line":20,"column":32},"end":{"line":20,"column":44}},"10":{"start":{"line":23,"column":2},"end":{"line":23,"column":47}},"11":{"start":{"line":23,"column":35},"end":{"line":23,"column":47}},"12":{"start":{"line":25,"column":2},"end":{"line":25,"column":15}}},"fnMap":{"0":{"name":"mediaTypeOf","decl":{"start":{"line":2,"column":16},"end":{"line":2,"column":27}},"loc":{"start":{"line":2,"column":46},"end":{"line":10,"column":1}},"line":2},"1":{"name":"isSupportedType","decl":{"start":{"line":15,"column":16},"end":{"line":15,"column":31}},"loc":{"start":{"line":15,"column":50},"end":{"line":26,"column":1}},"line":15}},"branchMap":{"0":{"loc":{"start":{"line":2,"column":28},"end":{"line":2,"column":44}},"type":"default-arg","locations":[{"start":{"line":2,"column":42},"end":{"line":2,"column":44}}],"line":2},"1":{"loc":{"start":{"line":7,"column":2},"end":{"line":7,"column":57}},"type":"if","locations":[{"start":{"line":7,"column":2},"end":{"line":7,"column":57}},{"start":{},"end":{}}],"line":7},"2":{"loc":{"start":{"line":15,"column":32},"end":{"line":15,"column":48}},"type":"default-arg","locations":[{"start":{"line":15,"column":46},"end":{"line":15,"column":48}}],"line":15},"3":{"loc":{"start":{"line":17,"column":2},"end":{"line":17,"column":26}},"type":"if","locations":[{"start":{"line":17,"column":2},"end":{"line":17,"column":26}},{"start":{},"end":{}}],"line":17},"4":{"loc":{"start":{"line":20,"column":2},"end":{"line":20,"column":44}},"type":"if","locations":[{"start":{"line":20,"column":2},"end":{"line":20,"column":44}},{"start":{},"end":{}}],"line":20},"5":{"loc":{"start":{"line":23,"column":2},"end":{"line":23,"column":47}},"type":"if","locations":[{"start":{"line":23,"column":2},"end":{"line":23,"column":47}},{"start":{},"end":{}}],"line":23}},"s":{"0":58,"1":58,"2":58,"3":0,"4":58,"5":33,"6":33,"7":0,"8":33,"9":31,"10":2,"11":0,"12":2},"f":{"0":58,"1":33},"b":{"0":[0],"1":[0,58],"2":[0],"3":[0,33],"4":[31,2],"5":[0,2]},"inputSourceMap":null,"_coverageSchema":"1a1c01bbd47fc00a2c39e90264f33305004495a9","hash":"cc118643754ab8432206b90f6e28ce0aec9191c0"}
,"C:\\Users\\minha\\Downloads\\BTI\\fragments-2\\backend\\src\\model\\data\\memory\\memory-db.js": {"path":"C:\\Users\\minha\\Downloads\\BTI\\fragments-2\\backend\\src\\model\\data\\memory\\memory-db.js","statementMap":{"0":{"start":{"line":4,"column":18},"end":{"line":4,"column":27}},"1":{"start":{"line":5,"column":18},"end":{"line":5,"column":27}},"2":{"start":{"line":7,"column":12},"end":{"line":7,"column":47}},"3":{"start":{"line":7,"column":29},"end":{"line":7,"column":47}},"4":{"start":{"line":16,"column":2},"end":{"line":17,"column":70}},"5":{"start":{"line":17,"column":4},"end":{"line":17,"column":70}},"6":{"start":{"line":18,"column":12},"end":{"line":18,"column":37}},"7":{"start":{"line":19,"column":2},"end":{"line":19,"column":36}},"8":{"start":{"line":20,"column":2},"end":{"line":20,"column":26}},"9":{"start":{"line":30,"column":12},"end":{"line":30,"column":28}},"10":{"start":{"line":31,"column":2},"end":{"line":31,"column":34}},"11":{"start":{"line":42,"column":12},"end":{"line":42,"column":28}},"12":{"start":{"line":43,"column":15},"end":{"line":43,"column":75}},"13":{"start":{"line":44,"column":2},"end":{"line":44,"column":25}},"14":{"start":{"line":45,"column":2},"end":{"line":45,"column":25}},"15":{"start":{"line":55,"column":12},"end":{"line":55,"column":28}},"16":{"start":{"line":56,"column":2},"end":{"line":56,"column":34}},"17":{"start":{"line":65,"column":17},"end":{"line":65,"column":30}},"18":{"start":{"line":66,"column":14},"end":{"line":66,"column":16}},"19":{"start":{"line":67,"column":2},"end":{"line":71,"column":3}},"20":{"start":{"line":68,"column":4},"end":{"line":70,"column":5}},"21":{"start":{"line":69,"column":6},"end":{"line":69,"column":39}},"22":{"start":{"line":72,"column":2},"end":{"line":72,"column":13}},"23":{"start":{"line":81,"column":17},"end":{"line":81,"column":30}},"24":{"start":{"line":82,"column":14},"end":{"line":82,"column":16}},"25":{"start":{"line":83,"column":2},"end":{"line":85,"column":3}},"26":{"start":{"line":84,"column":4},"end":{"line":84,"column":42}},"27":{"start":{"line":84,"column":30},"end":{"line":84,"column":42}},"28":{"start":{"line":86,"column":2},"end":{"line":86,"column":13}},"29":{"start":{"line":96,"column":12},"end":{"line":96,"column":28}},"30":{"start":{"line":97,"column":12},"end":{"line":97,"column":31}},"31":{"start":{"line":98,"column":12},"end":{"line":98,"column":31}},"32":{"start":{"line":99,"column":2},"end":{"line":99,"column":16}},"33":{"start":{"line":104,"column":2},"end":{"line":104,"column":20}},"34":{"start":{"line":105,"column":2},"end":{"line":105,"column":20}}},"fnMap":{"0":{"name":"(anonymous_0)","decl":{"start":{"line":7,"column":12},"end":{"line":7,"column":13}},"loc":{"start":{"line":7,"column":29},"end":{"line":7,"column":47}},"line":7},"1":{"name":"writeFragment","decl":{"start":{"line":15,"column":22},"end":{"line":15,"column":35}},"loc":{"start":{"line":15,"column":55},"end":{"line":21,"column":1}},"line":15},"2":{"name":"readFragment","decl":{"start":{"line":29,"column":22},"end":{"line":29,"column":34}},"loc":{"start":{"line":29,"column":48},"end":{"line":32,"column":1}},"line":29},"3":{"name":"writeFragmentData","decl":{"start":{"line":41,"column":22},"end":{"line":41,"column":39}},"loc":{"start":{"line":41,"column":61},"end":{"line":46,"column":1}},"line":41},"4":{"name":"readFragmentData","decl":{"start":{"line":54,"column":22},"end":{"line":54,"column":38}},"loc":{"start":{"line":54,"column":52},"end":{"line":57,"column":1}},"line":54},"5":{"name":"listFragmentIds","decl":{"start":{"line":64,"column":22},"end":{"line":64,"column":37}},"loc":{"start":{"line":64,"column":47},"end":{"line":73,"column":1}},"line":64},"6":{"name":"listFragments","decl":{"start":{"line":80,"column":22},"end":{"line":80,"column":35}},"loc":{"start":{"line":80,"column":45},"end":{"line":87,"column":1}},"line":80},"7":{"name":"deleteFragment","decl":{"start":{"line":95,"column":22},"end":{"line":95,"column":36}},"loc":{"start":{"line":95,"column":50},"end":{"line":100,"column":1}},"line":95},"8":{"name":"reset","decl":{"start":{"line":103,"column":22},"end":{"line":103,"column":27}},"loc":{"start":{"line":103,"column":30},"end":{"line":106,"column":1}},"line":103}},"branchMap":{"0":{"loc":{"start":{"line":16,"column":2},"end":{"line":17,"column":70}},"type":"if","locations":[{"start":{"line":16,"column":2},"end":{"line":17,"column":70}},{"start":{},"end":{}}],"line":16},"1":{"loc":{"start":{"line":16,"column":6},"end":{"line":16,"column":31}},"type":"binary-expr","locations":[{"start":{"line":16,"column":6},"end":{"line":16,"column":14}},{"start":{"line":16,"column":18},"end":{"line":16,"column":31}}],"line":16},"2":{"loc":{"start":{"line":31,"column":9},"end":{"line":31,"column":33}},"type":"binary-expr","locations":[{"start":{"line":31,"column":9},"end":{"line":31,"column":25}},{"start":{"line":31,"column":29},"end":{"line":31,"column":33}}],"line":31},"3":{"loc":{"start":{"line":43,"column":15},"end":{"line":43,"column":75}},"type":"cond-expr","locations":[{"start":{"line":43,"column":41},"end":{"line":43,"column":47}},{"start":{"line":43,"column":50},"end":{"line":43,"column":75}}],"line":43},"4":{"loc":{"start":{"line":43,"column":62},"end":{"line":43,"column":74}},"type":"binary-expr","locations":[{"start":{"line":43,"column":62},"end":{"line":43,"column":68}},{"start":{"line":43,"column":72},"end":{"line":43,"column":74}}],"line":43},"5":{"loc":{"start":{"line":56,"column":9},"end":{"line":56,"column":33}},"type":"binary-expr","locations":[{"start":{"line":56,"column":9},"end":{"line":56,"column":25}},{"start":{"line":56,"column":29},"end":{"line":56,"column":33}}],"line":56},"6":{"loc":{"start":{"line":68,"column":4},"end":{"line":70,"column":5}},"type":"if","locations":[{"start":{"line":68,"column":4},"end":{"line":70,"column":5}},{"start":{},"end":{}}],"line":68},"7":{"loc":{"start":{"line":84,"column":4},"end":{"line":84,"column":42}},"type":"if","locations":[{"start":{"line":84,"column":4},"end":{"line":84,"column":42}},{"start":{},"end":{}}],"line":84},"8":{"loc":{"start":{"line":99,"column":9},"end":{"line":99,"column":15}},"type":"binary-expr","locations":[{"start":{"line":99,"column":9},"end":{"line":99,"column":10}},{"start":{"line":99,"column":14},"end":{"line":99,"column":15}}],"line":99}},"s":{"0":5,"1":5,"2":5,"3":57,"4":17,"5":0,"6":17,"7":17,"8":17,"9":16,"10":16,"11":14,"12":14,"13":14,"14":14,"15":7,"16":7,"17":4,"18":4,"19":4,"20":9,"21":9,"22":4,"23":4,"24":4,"25":4,"26":9,"27":9,"28":4,"29":3,"30":3,"31":3,"32":3,"33":4,"34":4},"f":{"0":57,"1":17,"2":16,"3":14,"4":7,"5":4,"6":4,"7":3,"8":4},"b":{"0":[0,17],"1":[17,17],"2":[16,3],"3":[11,3],"4":[3,0],"5":[7,1],"6":[9,0],"7":[9,0],"8":[3,0]},"inputSourceMap":null,"_coverageSchema":"1a1c01bbd47fc00a2c39e90264f33305004495a9","hash":"b079b46a1bc942b0f7a2c48a462a5267ddd815b9"}
,"C:\\Users\\minha\\Downloads\\BTI\\fragments-2\\backend\\src\\routes\\convert.js": {"path":"C:\\Users\\minha\\Downloads\\BTI\\fragments-2\\backend\\src\\routes\\convert.js","statementMap":{"0":{"start":{"line":5,"column":15},"end":{"line":5,"column":23}},"1":{"start":{"line":6,"column":0},"end":{"line":6,"column":27}},"2":{"start":{"line":8,"column":0},"end":{"line":21,"column":3}},"3":{"start":{"line":9,"column":2},"end":{"line":20,"column":3}},"4":{"start":{"line":10,"column":20},"end":{"line":10,"column":36}},"5":{"start":{"line":11,"column":24},"end":{"line":11,"column":34}},"6":{"start":{"line":12,"column":29},"end":{"line":12,"column":68}},"7":{"start":{"line":13,"column":4},"end":{"line":13,"column":34}},"8":{"start":{"line":14,"column":4},"end":{"line":14,"column":40}},"9":{"start":{"line":16,"column":19},"end":{"line":16,"column":36}},"10":{"start":{"line":17,"column":4},"end":{"line":19,"column":80}}},"fnMap":{"0":{"name":"(anonymous_0)","decl":{"start":{"line":8,"column":24},"end":{"line":8,"column":25}},"loc":{"start":{"line":8,"column":44},"end":{"line":21,"column":1}},"line":8}},"branchMap":{"0":{"loc":{"start":{"line":16,"column":19},"end":{"line":16,"column":36}},"type":"binary-expr","locations":[{"start":{"line":16,"column":19},"end":{"line":16,"column":29}},{"start":{"line":16,"column":33},"end":{"line":16,"column":36}}],"line":16}},"s":{"0":1,"1":1,"2":1,"3":0,"4":0,"5":0,"6":0,"7":0,"8":0,"9":0,"10":0},"f":{"0":0},"b":{"0":[0,0]},"inputSourceMap":null,"_coverageSchema":"1a1c01bbd47fc00a2c39e90264f33305004495a9","hash":"c328693a34091e02dd6b6f0957696359ff5bd980"}
,"C:\\Users\\minha\\Downloads\\BTI\\fragments-2\\backend\\src\\routes\\fragments.js": {"path":"C:\\Users\\minha\\Downloads\\BTI\\fragments-2\\backend\\src\\routes\\fragments.js","statementMap":{"0":{"start":{"line":9,"column":15},"end":{"line":9,"column":23}},"1":{"start":{"line":11,"column":16},"end":{"line":23,"column":4}},"2":{"start":{"line":12,"column":2},"end":{"line":23,"column":4}},"3":{"start":{"line":16,"column":6},"end":{"line":21,"column":7}},"4":{"start":{"line":17,"column":25},"end":{"line":17,"column":47}},"5":{"start":{"line":18,"column":8},"end":{"line":18,"column":46}},"6":{"start":{"line":20,"column":8},"end":{"line":20,"column":21}},"7":{"start":{"line":25,"column":0},"end":{"line":25,"column":27}},"8":{"start":{"line":33,"column":0},"end":{"line":78,"column":3}},"9":{"start":{"line":34,"column":2},"end":{"line":77,"column":3}},"10":{"start":{"line":35,"column":4},"end":{"line":44,"column":5}},"11":{"start":{"line":36,"column":6},"end":{"line":36,"column":51}},"12":{"start":{"line":37,"column":6},"end":{"line":43,"column":9}},"13":{"start":{"line":46,"column":21},"end":{"line":46,"column":43}},"14":{"start":{"line":47,"column":4},"end":{"line":53,"column":5}},"15":{"start":{"line":48,"column":6},"end":{"line":48,"column":58}},"16":{"start":{"line":49,"column":6},"end":{"line":52,"column":9}},"17":{"start":{"line":55,"column":21},"end":{"line":59,"column":6}},"18":{"start":{"line":60,"column":4},"end":{"line":60,"column":26}},"19":{"start":{"line":62,"column":19},"end":{"line":62,"column":68}},"20":{"start":{"line":63,"column":21},"end":{"line":63,"column":60}},"21":{"start":{"line":65,"column":4},"end":{"line":65,"column":34}},"22":{"start":{"line":66,"column":4},"end":{"line":69,"column":6}},"23":{"start":{"line":70,"column":4},"end":{"line":70,"column":79}},"24":{"start":{"line":72,"column":4},"end":{"line":72,"column":54}},"25":{"start":{"line":73,"column":4},"end":{"line":76,"column":7}},"26":{"start":{"line":85,"column":0},"end":{"line":103,"column":3}},"27":{"start":{"line":86,"column":2},"end":{"line":102,"column":3}},"28":{"start":{"line":87,"column":19},"end":{"line":87,"column":63}},"29":{"start":{"line":88,"column":4},"end":{"line":93,"column":5}},"30":{"start":{"line":89,"column":19},"end":{"line":89,"column":56}},"31":{"start":{"line":90,"column":6},"end":{"line":92,"column":72}},"32":{"start":{"line":92,"column":57},"end":{"line":92,"column":67}},"33":{"start":{"line":94,"column":16},"end":{"line":94,"column":56}},"34":{"start":{"line":95,"column":4},"end":{"line":95,"column":66}},"35":{"start":{"line":97,"column":4},"end":{"line":97,"column":53}},"36":{"start":{"line":98,"column":4},"end":{"line":101,"column":7}},"37":{"start":{"line":109,"column":0},"end":{"line":134,"column":3}},"38":{"start":{"line":110,"column":2},"end":{"line":133,"column":3}},"39":{"start":{"line":111,"column":17},"end":{"line":111,"column":69}},"40":{"start":{"line":112,"column":4},"end":{"line":117,"column":5}},"41":{"start":{"line":113,"column":6},"end":{"line":116,"column":9}},"42":{"start":{"line":118,"column":17},"end":{"line":118,"column":37}},"43":{"start":{"line":119,"column":4},"end":{"line":124,"column":5}},"44":{"start":{"line":120,"column":6},"end":{"line":123,"column":9}},"45":{"start":{"line":125,"column":4},"end":{"line":125,"column":39}},"46":{"start":{"line":126,"column":4},"end":{"line":126,"column":38}},"47":{"start":{"line":128,"column":4},"end":{"line":128,"column":57}},"48":{"start":{"line":129,"column":4},"end":{"line":132,"column":7}},"49":{"start":{"line":140,"column":0},"end":{"line":157,"column":3}},"50":{"start":{"line":141,"column":2},"end":{"line":156,"column":3}},"51":{"start":{"line":142,"column":17},"end":{"line":142,"column":69}},"52":{"start":{"line":143,"column":4},"end":{"line":148,"column":5}},"53":{"start":{"line":144,"column":6},"end":{"line":147,"column":9}},"54":{"start":{"line":149,"column":4},"end":{"line":149,"column":75}},"55":{"start":{"line":151,"column":4},"end":{"line":151,"column":62}},"56":{"start":{"line":152,"column":4},"end":{"line":155,"column":7}},"57":{"start":{"line":163,"column":0},"end":{"line":203,"column":3}},"58":{"start":{"line":164,"column":2},"end":{"line":202,"column":3}},"59":{"start":{"line":165,"column":17},"end":{"line":165,"column":69}},"60":{"start":{"line":166,"column":4},"end":{"line":171,"column":5}},"61":{"start":{"line":167,"column":6},"end":{"line":170,"column":9}},"62":{"start":{"line":172,"column":4},"end":{"line":177,"column":5}},"63":{"start":{"line":173,"column":6},"end":{"line":176,"column":9}},"64":{"start":{"line":179,"column":21},"end":{"line":179,"column":43}},"65":{"start":{"line":180,"column":20},"end":{"line":180,"column":50}},"66":{"start":{"line":181,"column":21},"end":{"line":181,"column":54}},"67":{"start":{"line":182,"column":4},"end":{"line":190,"column":5}},"68":{"start":{"line":183,"column":6},"end":{"line":189,"column":9}},"69":{"start":{"line":192,"column":4},"end":{"line":192,"column":27}},"70":{"start":{"line":193,"column":4},"end":{"line":193,"column":22}},"71":{"start":{"line":194,"column":4},"end":{"line":194,"column":72}},"72":{"start":{"line":195,"column":4},"end":{"line":195,"column":75}},"73":{"start":{"line":197,"column":4},"end":{"line":197,"column":57}},"74":{"start":{"line":198,"column":4},"end":{"line":201,"column":7}},"75":{"start":{"line":208,"column":0},"end":{"line":227,"column":3}},"76":{"start":{"line":209,"column":2},"end":{"line":226,"column":3}},"77":{"start":{"line":210,"column":17},"end":{"line":210,"column":69}},"78":{"start":{"line":211,"column":4},"end":{"line":216,"column":5}},"79":{"start":{"line":212,"column":6},"end":{"line":215,"column":9}},"80":{"start":{"line":217,"column":4},"end":{"line":217,"column":24}},"81":{"start":{"line":218,"column":4},"end":{"line":218,"column":55}},"82":{"start":{"line":219,"column":4},"end":{"line":219,"column":50}},"83":{"start":{"line":221,"column":4},"end":{"line":221,"column":60}},"84":{"start":{"line":222,"column":4},"end":{"line":225,"column":7}}},"fnMap":{"0":{"name":"(anonymous_0)","decl":{"start":{"line":11,"column":16},"end":{"line":11,"column":17}},"loc":{"start":{"line":12,"column":2},"end":{"line":23,"column":4}},"line":12},"1":{"name":"(anonymous_1)","decl":{"start":{"line":15,"column":10},"end":{"line":15,"column":11}},"loc":{"start":{"line":15,"column":19},"end":{"line":22,"column":5}},"line":15},"2":{"name":"(anonymous_2)","decl":{"start":{"line":33,"column":28},"end":{"line":33,"column":29}},"loc":{"start":{"line":33,"column":48},"end":{"line":78,"column":1}},"line":33},"3":{"name":"(anonymous_3)","decl":{"start":{"line":85,"column":16},"end":{"line":85,"column":17}},"loc":{"start":{"line":85,"column":36},"end":{"line":103,"column":1}},"line":85},"4":{"name":"(anonymous_4)","decl":{"start":{"line":92,"column":50},"end":{"line":92,"column":51}},"loc":{"start":{"line":92,"column":57},"end":{"line":92,"column":67}},"line":92},"5":{"name":"(anonymous_5)","decl":{"start":{"line":109,"column":19},"end":{"line":109,"column":20}},"loc":{"start":{"line":109,"column":39},"end":{"line":134,"column":1}},"line":109},"6":{"name":"(anonymous_6)","decl":{"start":{"line":140,"column":24},"end":{"line":140,"column":25}},"loc":{"start":{"line":140,"column":44},"end":{"line":157,"column":1}},"line":140},"7":{"name":"(anonymous_7)","decl":{"start":{"line":163,"column":30},"end":{"line":163,"column":31}},"loc":{"start":{"line":163,"column":50},"end":{"line":203,"column":1}},"line":163},"8":{"name":"(anonymous_8)","decl":{"start":{"line":208,"column":22},"end":{"line":208,"column":23}},"loc":{"start":{"line":208,"column":42},"end":{"line":227,"column":1}},"line":208}},"branchMap":{"0":{"loc":{"start":{"line":35,"column":4},"end":{"line":44,"column":5}},"type":"if","locations":[{"start":{"line":35,"column":4},"end":{"line":44,"column":5}},{"start":{},"end":{}}],"line":35},"1":{"loc":{"start":{"line":47,"column":4},"end":{"line":53,"column":5}},"type":"if","locations":[{"start":{"line":47,"column":4},"end":{"line":53,"column":5}},{"start":{},"end":{}}],"line":47},"2":{"loc":{"start":{"line":62,"column":19},"end":{"line":62,"column":68}},"type":"binary-expr","locations":[{"start":{"line":62,"column":19},"end":{"line":62,"column":26}},{"start":{"line":62,"column":30},"end":{"line":62,"column":68}}],"line":62},"3":{"loc":{"start":{"line":87,"column":26},"end":{"line":87,"column":48}},"type":"binary-expr","locations":[{"start":{"line":87,"column":26},"end":{"line":87,"column":42}},{"start":{"line":87,"column":46},"end":{"line":87,"column":48}}],"line":87},"4":{"loc":{"start":{"line":88,"column":4},"end":{"line":93,"column":5}},"type":"if","locations":[{"start":{"line":88,"column":4},"end":{"line":93,"column":5}},{"start":{},"end":{}}],"line":88},"5":{"loc":{"start":{"line":88,"column":8},"end":{"line":88,"column":43}},"type":"binary-expr","locations":[{"start":{"line":88,"column":8},"end":{"line":88,"column":22}},{"start":{"line":88,"column":26},"end":{"line":88,"column":43}}],"line":88},"6":{"loc":{"start":{"line":112,"column":4},"end":{"line":117,"column":5}},"type":"if","locations":[{"start":{"line":112,"column":4},"end":{"line":117,"column":5}},{"start":{},"end":{}}],"line":112},"7":{"loc":{"start":{"line":119,"column":4},"end":{"line":124,"column":5}},"type":"if","locations":[{"start":{"line":119,"column":4},"end":{"line":124,"column":5}},{"start":{},"end":{}}],"line":119},"8":{"loc":{"start":{"line":143,"column":4},"end":{"line":148,"column":5}},"type":"if","locations":[{"start":{"line":143,"column":4},"end":{"line":148,"column":5}},{"start":{},"end":{}}],"line":143},"9":{"loc":{"start":{"line":166,"column":4},"end":{"line":171,"column":5}},"type":"if","locations":[{"start":{"line":166,"column":4},"end":{"line":171,"column":5}},{"start":{},"end":{}}],"line":166},"10":{"loc":{"start":{"line":172,"column":4},"end":{"line":177,"column":5}},"type":"if","locations":[{"start":{"line":172,"column":4},"end":{"line":177,"column":5}},{"start":{},"end":{}}],"line":172},"11":{"loc":{"start":{"line":182,"column":4},"end":{"line":190,"column":5}},"type":"if","locations":[{"start":{"line":182,"column":4},"end":{"line":190,"column":5}},{"start":{},"end":{}}],"line":182},"12":{"loc":{"start":{"line":211,"column":4},"end":{"line":216,"column":5}},"type":"if","locations":[{"start":{"line":211,"column":4},"end":{"line":216,"column":5}},{"start":{},"end":{}}],"line":211}},"s":{"0":1,"1":1,"2":2,"3":5,"4":5,"5":5,"6":0,"7":1,"8":1,"9":3,"10":3,"11":1,"12":1,"13":2,"14":2,"15":0,"16":0,"17":2,"18":2,"19":2,"20":2,"21":2,"22":2,"23":2,"24":0,"25":0,"26":1,"27":2,"28":2,"29":2,"30":1,"31":1,"32":2,"33":1,"34":1,"35":0,"36":0,"37":1,"38":2,"39":2,"40":2,"41":1,"42":1,"43":1,"44":0,"45":1,"46":1,"47":0,"48":0,"49":1,"50":1,"51":1,"52":1,"53":0,"54":1,"55":0,"56":0,"57":1,"58":2,"59":2,"60":2,"61":0,"62":2,"63":0,"64":2,"65":2,"66":2,"67":2,"68":1,"69":1,"70":1,"71":1,"72":1,"73":0,"74":0,"75":1,"76":1,"77":1,"78":1,"79":0,"80":1,"81":1,"82":1,"83":0,"84":0},"f":{"0":2,"1":5,"2":3,"3":2,"4":2,"5":2,"6":1,"7":2,"8":1},"b":{"0":[1,2],"1":[0,2],"2":[2,0],"3":[2,1],"4":[1,1],"5":[2,1],"6":[1,1],"7":[0,1],"8":[0,1],"9":[0,2],"10":[0,2],"11":[1,1],"12":[0,1]},"inputSourceMap":null,"_coverageSchema":"1a1c01bbd47fc00a2c39e90264f33305004495a9","hash":"4b326082fd410eb65ceb144233030c6578801587"}
,"C:\\Users\\minha\\Downloads\\BTI\\fragments-2\\backend\\src\\routes\\health.js": {"path":"C:\\Users\\minha\\Downloads\\BTI\\fragments-2\\backend\\src\\routes\\health.js","statementMap":{"0":{"start":{"line":3,"column":16},"end":{"line":3,"column":46}},"1":{"start":{"line":4,"column":12},"end":{"line":4,"column":41}},"2":{"start":{"line":6,"column":15},"end":{"line":6,"column":23}},"3":{"start":{"line":9,"column":20},"end":{"line":9,"column":38}},"4":{"start":{"line":10,"column":18},"end":{"line":10,"column":40}},"5":{"start":{"line":13,"column":4},"end":{"line":13,"column":72}},"6":{"start":{"line":15,"column":16},"end":{"line":15,"column":18}},"7":{"start":{"line":16,"column":2},"end":{"line":17,"column":61}},"8":{"start":{"line":16,"column":42},"end":{"line":16,"column":67}},"9":{"start":{"line":17,"column":7},"end":{"line":17,"column":61}},"10":{"start":{"line":17,"column":32},"end":{"line":17,"column":61}},"11":{"start":{"line":19,"column":20},"end":{"line":22,"column":26}},"12":{"start":{"line":24,"column":2},"end":{"line":29,"column":4}},"13":{"start":{"line":33,"column":2},"end":{"line":36,"column":4}},"14":{"start":{"line":37,"column":2},"end":{"line":37,"column":32}},"15":{"start":{"line":38,"column":2},"end":{"line":38,"column":26}},"16":{"start":{"line":39,"column":2},"end":{"line":39,"column":43}},"17":{"start":{"line":42,"column":0},"end":{"line":45,"column":3}},"18":{"start":{"line":43,"column":2},"end":{"line":43,"column":15}},"19":{"start":{"line":44,"column":2},"end":{"line":44,"column":39}}},"fnMap":{"0":{"name":"about","decl":{"start":{"line":8,"column":9},"end":{"line":8,"column":14}},"loc":{"start":{"line":8,"column":17},"end":{"line":30,"column":1}},"line":8},"1":{"name":"noCache","decl":{"start":{"line":32,"column":9},"end":{"line":32,"column":16}},"loc":{"start":{"line":32,"column":22},"end":{"line":40,"column":1}},"line":32},"2":{"name":"(anonymous_2)","decl":{"start":{"line":42,"column":16},"end":{"line":42,"column":17}},"loc":{"start":{"line":42,"column":30},"end":{"line":45,"column":1}},"line":42}},"branchMap":{"0":{"loc":{"start":{"line":13,"column":4},"end":{"line":13,"column":72}},"type":"cond-expr","locations":[{"start":{"line":13,"column":37},"end":{"line":13,"column":47}},{"start":{"line":13,"column":50},"end":{"line":13,"column":72}}],"line":13},"1":{"loc":{"start":{"line":13,"column":50},"end":{"line":13,"column":72}},"type":"binary-expr","locations":[{"start":{"line":13,"column":50},"end":{"line":13,"column":66}},{"start":{"line":13,"column":70},"end":{"line":13,"column":72}}],"line":13},"2":{"loc":{"start":{"line":16,"column":2},"end":{"line":17,"column":61}},"type":"if","locations":[{"start":{"line":16,"column":2},"end":{"line":17,"column":61}},{"start":{"line":17,"column":7},"end":{"line":17,"column":61}}],"line":16},"3":{"loc":{"start":{"line":17,"column":7},"end":{"line":17,"column":61}},"type":"if","locations":[{"start":{"line":17,"column":7},"end":{"line":17,"column":61}},{"start":{},"end":{}}],"line":17},"4":{"loc":{"start":{"line":19,"column":21},"end":{"line":19,"column":45}},"type":"binary-expr","locations":[{"start":{"line":19,"column":21},"end":{"line":19,"column":28}},{"start":{"line":19,"column":32},"end":{"line":19,"column":39}},{"start":{"line":19,"column":43},"end":{"line":19,"column":45}}],"line":19},"5":{"loc":{"start":{"line":26,"column":12},"end":{"line":26,"column":47}},"type":"binary-expr","locations":[{"start":{"line":26,"column":12},"end":{"line":26,"column":21}},{"start":{"line":26,"column":25},"end":{"line":26,"column":34}},{"start":{"line":26,"column":38},"end":{"line":26,"column":47}}],"line":26},"6":{"loc":{"start":{"line":27,"column":15},"end":{"line":27,"column":30}},"type":"binary-expr","locations":[{"start":{"line":27,"column":15},"end":{"line":27,"column":24}},{"start":{"line":27,"column":28},"end":{"line":27,"column":30}}],"line":27},"7":{"loc":{"start":{"line":28,"column":13},"end":{"line":28,"column":35}},"type":"binary-expr","locations":[{"start":{"line":28,"column":13},"end":{"line":28,"column":24}},{"start":{"line":28,"column":28},"end":{"line":28,"column":35}}],"line":28}},"s":{"0":1,"1":1,"2":1,"3":1,"4":1,"5":1,"6":1,"7":1,"8":0,"9":1,"10":1,"11":1,"12":1,"13":1,"14":1,"15":1,"16":1,"17":1,"18":1,"19":1},"f":{"0":1,"1":1,"2":1},"b":{"0":[1,0],"1":[0,0],"2":[0,1],"3":[1,0],"4":[1,0,0],"5":[1,0,0],"6":[1,0],"7":[1,0]},"inputSourceMap":null,"_coverageSchema":"1a1c01bbd47fc00a2c39e90264f33305004495a9","hash":"f184cedc7350bff8b7c641c44da29a70a5e685bd"}
,"C:\\Users\\minha\\Downloads\\BTI\\fragments-2\\backend\\src\\services\\convert.js": {"path":"C:\\Users\\minha\\Downloads\\BTI\\fragments-2\\backend\\src\\services\\convert.js","statementMap":{"0":{"start":{"line":4,"column":11},"end":{"line":4,"column":27}},"1":{"start":{"line":16,"column":15},"end":{"line":16,"column":47}},"2":{"start":{"line":17,"column":2},"end":{"line":21,"column":3}},"3":{"start":{"line":18,"column":16},"end":{"line":18,"column":47}},"4":{"start":{"line":19,"column":4},"end":{"line":19,"column":21}},"5":{"start":{"line":20,"column":4},"end":{"line":20,"column":14}},"6":{"start":{"line":23,"column":21},"end":{"line":23,"column":58}},"7":{"start":{"line":24,"column":20},"end":{"line":24,"column":51}},"8":{"start":{"line":27,"column":4},"end":{"line":27,"column":70}},"9":{"start":{"line":28,"column":2},"end":{"line":34,"column":3}},"10":{"start":{"line":29,"column":16},"end":{"line":31,"column":5}},"11":{"start":{"line":32,"column":4},"end":{"line":32,"column":21}},"12":{"start":{"line":33,"column":4},"end":{"line":33,"column":14}},"13":{"start":{"line":36,"column":2},"end":{"line":40,"column":3}},"14":{"start":{"line":37,"column":16},"end":{"line":37,"column":72}},"15":{"start":{"line":38,"column":4},"end":{"line":38,"column":21}},"16":{"start":{"line":39,"column":4},"end":{"line":39,"column":14}},"17":{"start":{"line":42,"column":14},"end":{"line":42,"column":34}},"18":{"start":{"line":43,"column":19},"end":{"line":43,"column":46}},"19":{"start":{"line":44,"column":15},"end":{"line":44,"column":34}},"20":{"start":{"line":46,"column":2},"end":{"line":49,"column":4}}},"fnMap":{"0":{"name":"convertFragment","decl":{"start":{"line":15,"column":22},"end":{"line":15,"column":37}},"loc":{"start":{"line":15,"column":56},"end":{"line":50,"column":1}},"line":15}},"branchMap":{"0":{"loc":{"start":{"line":17,"column":2},"end":{"line":21,"column":3}},"type":"if","locations":[{"start":{"line":17,"column":2},"end":{"line":21,"column":3}},{"start":{},"end":{}}],"line":17},"1":{"loc":{"start":{"line":23,"column":28},"end":{"line":23,"column":43}},"type":"binary-expr","locations":[{"start":{"line":23,"column":28},"end":{"line":23,"column":37}},{"start":{"line":23,"column":41},"end":{"line":23,"column":43}}],"line":23},"2":{"loc":{"start":{"line":24,"column":27},"end":{"line":24,"column":36}},"type":"binary-expr","locations":[{"start":{"line":24,"column":27},"end":{"line":24,"column":30}},{"start":{"line":24,"column":34},"end":{"line":24,"column":36}}],"line":24},"3":{"loc":{"start":{"line":27,"column":4},"end":{"line":27,"column":70}},"type":"binary-expr","locations":[{"start":{"line":27,"column":4},"end":{"line":27,"column":34}},{"start":{"line":27,"column":38},"end":{"line":27,"column":70}}],"line":27},"4":{"loc":{"start":{"line":28,"column":2},"end":{"line":34,"column":3}},"type":"if","locations":[{"start":{"line":28,"column":2},"end":{"line":34,"column":3}},{"start":{},"end":{}}],"line":28},"5":{"loc":{"start":{"line":36,"column":2},"end":{"line":40,"column":3}},"type":"if","locations":[{"start":{"line":36,"column":2},"end":{"line":40,"column":3}},{"start":{},"end":{}}],"line":36},"6":{"loc":{"start":{"line":43,"column":19},"end":{"line":43,"column":46}},"type":"binary-expr","locations":[{"start":{"line":43,"column":19},"end":{"line":43,"column":40}},{"start":{"line":43,"column":44},"end":{"line":43,"column":46}}],"line":43}},"s":{"0":2,"1":4,"2":4,"3":1,"4":1,"5":1,"6":3,"7":3,"8":3,"9":3,"10":1,"11":1,"12":1,"13":2,"14":1,"15":1,"16":1,"17":1,"18":1,"19":1,"20":1},"f":{"0":4},"b":{"0":[1,3],"1":[3,0],"2":[3,0],"3":[3,1],"4":[1,2],"5":[1,1],"6":[1,0]},"inputSourceMap":null,"_coverageSchema":"1a1c01bbd47fc00a2c39e90264f33305004495a9","hash":"c80becd761589fdede7702e6d1e0c29cf7ad0d1a"}
}
