TN:
SF:src\app.js
FN:26,(anonymous_0)
FN:33,(anonymous_1)
FNF:2
FNH:0
FNDA:0,(anonymous_0)
FNDA:0,(anonymous_1)
DA:11,1
DA:13,1
DA:15,1
DA:16,1
DA:18,1
DA:19,1
DA:21,1
DA:22,1
DA:23,1
DA:24,1
DA:26,1
DA:27,0
DA:28,0
DA:29,0
DA:30,0
DA:33,1
DA:34,0
DA:35,0
LF:18
LH:12
BRDA:27,0,0,0
BRDA:27,0,1,0
BRDA:27,0,2,0
BRDA:28,1,0,0
BRDA:28,1,1,0
BRF:5
BRH:0
end_of_record
TN:
SF:src\config.js
FNF:0
FNH:0
DA:2,1
DA:4,1
DA:5,1
DA:6,1
LF:4
LH:4
BRDA:4,0,0,1
BRDA:4,0,1,0
BRDA:5,1,0,1
BRDA:5,1,1,1
BRDA:6,2,0,1
BRDA:6,2,1,0
BRF:6
BRH:4
end_of_record
TN:
SF:src\logger.js
FNF:0
FNH:0
DA:3,1
LF:1
LH:1
BRDA:4,0,0,1
BRDA:4,0,1,1
BRDA:6,1,0,1
BRDA:6,1,1,0
BRF:4
BRH:3
end_of_record
TN:
SF:src\auth\auth-middleware.js
FN:4,sha256
FN:16,authorize
FN:17,(anonymous_2)
FN:21,(anonymous_3)
FNF:4
FNH:4
FNDA:22,sha256
FNDA:2,authorize
FNDA:23,(anonymous_2)
FNDA:23,(anonymous_3)
DA:5,22
DA:17,2
DA:18,23
DA:22,23
DA:24,23
DA:25,1
DA:26,1
DA:27,0
DA:28,0
DA:30,1
DA:36,22
DA:37,22
DA:38,22
LF:13
LH:11
BRDA:22,0,0,0
BRDA:22,0,1,23
BRDA:24,1,0,1
BRDA:24,1,1,22
BRDA:25,2,0,1
BRDA:25,2,1,0
BRDA:27,3,0,0
BRDA:27,3,1,0
BRDA:36,4,0,22
BRDA:36,4,1,0
BRDA:36,4,2,0
BRF:11
BRH:5
end_of_record
TN:
SF:src\auth\basic-auth.js
FN:6,(anonymous_0)
FN:12,(anonymous_1)
FNF:2
FNH:2
FNDA:22,(anonymous_0)
FNDA:2,(anonymous_1)
DA:5,1
DA:7,22
DA:8,22
DA:12,2
LF:4
LH:4
BRDA:7,0,0,0
BRDA:7,0,1,22
BRDA:7,1,0,22
BRDA:7,1,1,22
BRF:4
BRH:3
end_of_record
TN:
SF:src\model\fragment.js
FN:18,(anonymous_0)
FN:37,(anonymous_1)
FN:47,(anonymous_2)
FN:55,(anonymous_3)
FN:61,(anonymous_4)
FN:66,(anonymous_5)
FN:80,(anonymous_6)
FN:85,(anonymous_7)
FN:92,(anonymous_8)
FN:97,(anonymous_9)
FN:99,(anonymous_10)
FNF:11
FNH:11
FNDA:28,(anonymous_0)
FNDA:12,(anonymous_1)
FNDA:11,(anonymous_2)
FNDA:3,(anonymous_3)
FNDA:1,(anonymous_4)
FNDA:17,(anonymous_5)
FNDA:7,(anonymous_6)
FNDA:11,(anonymous_7)
FNDA:2,(anonymous_8)
FNDA:2,(anonymous_9)
FNDA:6,(anonymous_10)
DA:19,28
DA:20,27
DA:21,26
DA:23,25
DA:24,25
DA:25,25
DA:26,25
DA:27,25
DA:28,25
DA:29,25
DA:31,25
DA:32,10
DA:38,12
DA:39,9
DA:41,12
DA:42,12
DA:43,12
DA:48,11
DA:49,11
DA:50,11
DA:56,3
DA:57,3
DA:62,1
DA:67,17
DA:81,7
DA:86,11
DA:87,11
DA:88,9
DA:93,2
DA:98,2
DA:99,6
LF:31
LH:31
BRDA:18,0,0,0
BRDA:18,1,0,13
BRDA:19,2,0,1
BRDA:19,2,1,27
BRDA:20,3,0,1
BRDA:20,3,1,26
BRDA:21,4,0,1
BRDA:21,4,1,25
BRDA:23,5,0,25
BRDA:23,5,1,10
BRDA:28,6,0,25
BRDA:28,6,1,10
BRDA:29,7,0,25
BRDA:29,7,1,10
BRDA:31,8,0,10
BRDA:31,8,1,15
BRDA:38,9,0,9
BRDA:38,9,1,3
BRDA:49,10,0,11
BRDA:49,10,1,0
BRDA:57,11,0,3
BRDA:57,11,1,0
BRDA:87,12,0,2
BRDA:87,12,1,9
BRF:24
BRH:21
end_of_record
TN:
SF:src\model\types.js
FN:4,mediaTypeOf
FN:13,isSupportedType
FNF:2
FNH:2
FNDA:58,mediaTypeOf
FNDA:33,isSupportedType
DA:5,58
DA:6,58
DA:8,58
DA:10,58
DA:14,33
DA:20,33
LF:6
LH:6
BRDA:4,0,0,0
BRDA:8,1,0,0
BRDA:8,1,1,58
BRDA:13,2,0,0
BRF:4
BRH:1
end_of_record
TN:
SF:src\model\data\memory\memory-db.js
FN:7,(anonymous_0)
FN:15,writeFragment
FN:29,readFragment
FN:41,writeFragmentData
FN:54,readFragmentData
FN:64,listFragmentIds
FN:80,listFragments
FN:95,deleteFragment
FN:103,reset
FNF:9
FNH:9
FNDA:57,(anonymous_0)
FNDA:17,writeFragment
FNDA:16,readFragment
FNDA:14,writeFragmentData
FNDA:7,readFragmentData
FNDA:4,listFragmentIds
FNDA:4,listFragments
FNDA:3,deleteFragment
FNDA:4,reset
DA:4,5
DA:5,5
DA:7,57
DA:16,17
DA:17,0
DA:18,17
DA:19,17
DA:20,17
DA:30,16
DA:31,16
DA:42,14
DA:43,14
DA:44,14
DA:45,14
DA:55,7
DA:56,7
DA:65,4
DA:66,4
DA:67,4
DA:68,9
DA:69,9
DA:72,4
DA:81,4
DA:82,4
DA:83,4
DA:84,9
DA:86,4
DA:96,3
DA:97,3
DA:98,3
DA:99,3
DA:104,4
DA:105,4
LF:33
LH:32
BRDA:16,0,0,0
BRDA:16,0,1,17
BRDA:16,1,0,17
BRDA:16,1,1,17
BRDA:31,2,0,16
BRDA:31,2,1,3
BRDA:43,3,0,11
BRDA:43,3,1,3
BRDA:43,4,0,3
BRDA:43,4,1,0
BRDA:56,5,0,7
BRDA:56,5,1,1
BRDA:68,6,0,9
BRDA:68,6,1,0
BRDA:84,7,0,9
BRDA:84,7,1,0
BRDA:99,8,0,3
BRDA:99,8,1,0
BRF:18
BRH:13
end_of_record
TN:
SF:src\routes\convert.js
FN:8,(anonymous_0)
FNF:1
FNH:0
FNDA:0,(anonymous_0)
DA:5,1
DA:6,1
DA:8,1
DA:9,0
DA:10,0
DA:11,0
DA:12,0
DA:13,0
DA:14,0
DA:16,0
DA:17,0
LF:11
LH:3
BRDA:16,0,0,0
BRDA:16,0,1,0
BRF:2
BRH:0
end_of_record
TN:
SF:src\routes\fragments.js
FN:11,(anonymous_0)
FN:15,(anonymous_1)
FN:33,(anonymous_2)
FN:85,(anonymous_3)
FN:92,(anonymous_4)
FN:109,(anonymous_5)
FN:140,(anonymous_6)
FN:163,(anonymous_7)
FN:208,(anonymous_8)
FNF:9
FNH:9
FNDA:2,(anonymous_0)
FNDA:5,(anonymous_1)
FNDA:3,(anonymous_2)
FNDA:2,(anonymous_3)
FNDA:2,(anonymous_4)
FNDA:2,(anonymous_5)
FNDA:1,(anonymous_6)
FNDA:2,(anonymous_7)
FNDA:1,(anonymous_8)
DA:9,1
DA:11,1
DA:12,2
DA:16,5
DA:17,5
DA:18,5
DA:20,0
DA:25,1
DA:33,1
DA:34,3
DA:35,3
DA:36,1
DA:37,1
DA:46,2
DA:47,2
DA:48,0
DA:49,0
DA:55,2
DA:60,2
DA:62,2
DA:63,2
DA:65,2
DA:66,2
DA:70,2
DA:72,0
DA:73,0
DA:85,1
DA:86,2
DA:87,2
DA:88,2
DA:89,1
DA:90,1
DA:92,2
DA:94,1
DA:95,1
DA:97,0
DA:98,0
DA:109,1
DA:110,2
DA:111,2
DA:112,2
DA:113,1
DA:118,1
DA:119,1
DA:120,0
DA:125,1
DA:126,1
DA:128,0
DA:129,0
DA:140,1
DA:141,1
DA:142,1
DA:143,1
DA:144,0
DA:149,1
DA:151,0
DA:152,0
DA:163,1
DA:164,2
DA:165,2
DA:166,2
DA:167,0
DA:172,2
DA:173,0
DA:179,2
DA:180,2
DA:181,2
DA:182,2
DA:183,1
DA:192,1
DA:193,1
DA:194,1
DA:195,1
DA:197,0
DA:198,0
DA:208,1
DA:209,1
DA:210,1
DA:211,1
DA:212,0
DA:217,1
DA:218,1
DA:219,1
DA:221,0
DA:222,0
LF:85
LH:65
BRDA:35,0,0,1
BRDA:35,0,1,2
BRDA:47,1,0,0
BRDA:47,1,1,2
BRDA:62,2,0,2
BRDA:62,2,1,0
BRDA:87,3,0,2
BRDA:87,3,1,1
BRDA:88,4,0,1
BRDA:88,4,1,1
BRDA:88,5,0,2
BRDA:88,5,1,1
BRDA:112,6,0,1
BRDA:112,6,1,1
BRDA:119,7,0,0
BRDA:119,7,1,1
BRDA:143,8,0,0
BRDA:143,8,1,1
BRDA:166,9,0,0
BRDA:166,9,1,2
BRDA:172,10,0,0
BRDA:172,10,1,2
BRDA:182,11,0,1
BRDA:182,11,1,1
BRDA:211,12,0,0
BRDA:211,12,1,1
BRF:26
BRH:19
end_of_record
TN:
SF:src\routes\health.js
FN:8,about
FN:32,noCache
FN:42,(anonymous_2)
FNF:3
FNH:3
FNDA:1,about
FNDA:1,noCache
FNDA:1,(anonymous_2)
DA:3,1
DA:4,1
DA:6,1
DA:9,1
DA:10,1
DA:13,1
DA:15,1
DA:16,1
DA:17,1
DA:19,1
DA:24,1
DA:33,1
DA:37,1
DA:38,1
DA:39,1
DA:42,1
DA:43,1
DA:44,1
LF:18
LH:18
BRDA:13,0,0,1
BRDA:13,0,1,0
BRDA:13,1,0,0
BRDA:13,1,1,0
BRDA:16,2,0,0
BRDA:16,2,1,1
BRDA:17,3,0,1
BRDA:17,3,1,0
BRDA:19,4,0,1
BRDA:19,4,1,0
BRDA:19,4,2,0
BRDA:26,5,0,1
BRDA:26,5,1,0
BRDA:26,5,2,0
BRDA:27,6,0,1
BRDA:27,6,1,0
BRDA:28,7,0,1
BRDA:28,7,1,0
BRF:18
BRH:7
end_of_record
TN:
SF:src\services\convert.js
FN:15,convertFragment
FNF:1
FNH:1
FNDA:4,convertFragment
DA:4,2
DA:16,4
DA:17,4
DA:18,1
DA:19,1
DA:20,1
DA:23,3
DA:24,3
DA:27,3
DA:28,3
DA:29,1
DA:32,1
DA:33,1
DA:36,2
DA:37,1
DA:38,1
DA:39,1
DA:42,1
DA:43,1
DA:44,1
DA:46,1
LF:21
LH:21
BRDA:17,0,0,1
BRDA:17,0,1,3
BRDA:23,1,0,3
BRDA:23,1,1,0
BRDA:24,2,0,3
BRDA:24,2,1,0
BRDA:27,3,0,3
BRDA:27,3,1,1
BRDA:28,4,0,1
BRDA:28,4,1,2
BRDA:36,5,0,1
BRDA:36,5,1,1
BRDA:43,6,0,1
BRDA:43,6,1,0
BRF:14
BRH:11
end_of_record
